<?xml version="1.0" encoding="UTF-8"?>
<!-- Generated by org.testng.reporters.JUnitXMLReporter -->
<testsuite ignored="0" hostname="MSI" failures="0" tests="6" name="Default test" time="0.086" errors="0" timestamp="2023-10-01T13:59:52 IDT">
  <testcase classname="testCalculator" name="test1" time="0.02"/>
  <testcase classname="testCalculator" name="test1" time="0.001"/>
  <testcase classname="testCalculator" name="test1" time="0.001"/>
  <testcase classname="testCalculator" name="test1" time="0.001"/>
  <testcase classname="testCalculator" name="test1" time="0.002"/>
  <testcase classname="testCalculator" name="test1" time="0.009"/>
</testsuite> <!-- Default test -->
