<?xml version="1.0" encoding="UTF-8"?>
<!-- Generated by org.testng.reporters.JUnitXMLReporter -->
<testsuite ignored="0" hostname="MSI" failures="0" tests="7" name="Default test" time="0.068" errors="0" timestamp="2023-10-03T12:16:18 IDT">
  <testcase classname="testCalculator" name="testvalid" time="0.021"/>
  <testcase classname="testCalculator" name="testvalid" time="0.001"/>
  <testcase classname="testCalculator" name="testvalid" time="0.001"/>
  <testcase classname="testCalculator" name="testvalid" time="0.001"/>
  <testcase classname="testCalculator" name="testvalid" time="0.0"/>
  <testcase classname="testCalculator" name="testvalid" time="0.0"/>
  <testcase classname="testCalculator" name="testinvalid" time="0.002"/>
</testsuite> <!-- Default test -->
