<?xml version="1.0" encoding="UTF-8"?>
<!-- Generated by org.testng.reporters.JUnitXMLReporter -->
<testsuite ignored="0" hostname="MSI" failures="0" tests="5" name="test3" time="0.02" errors="0" timestamp="2023-10-03T14:16:17 IDT">
  <testcase classname="testAnn" name="test333" time="0.001"/>
  <testcase classname="testAnn" name="testt444" time="0.001"/>
  <testcase classname="testAnn" name="testt555" time="0.001"/>
  <testcase classname="testAnn" name="test222" time="0.001"/>
  <testcase classname="testAnn" name="test111" time="0.001"/>
</testsuite> <!-- test3 -->
