<?xml version="1.0" encoding="UTF-8"?>
<!-- Generated by org.testng.reporters.JUnitXMLReporter -->
<testsuite ignored="0" hostname="MSI" failures="0" tests="27" name="test1" time="0.114" errors="0" timestamp="2023-10-01T14:55:21 IDT">
  <testcase classname="testgrade" name="test1" time="0.016"/>
  <testcase classname="testgrade" name="test1" time="0.001"/>
  <testcase classname="testgrade" name="test1" time="0.002"/>
  <testcase classname="testgrade" name="test1" time="0.003"/>
  <testcase classname="testgrade" name="test1" time="0.001"/>
  <testcase classname="testgrade" name="test1" time="0.002"/>
  <testcase classname="testgrade" name="test1" time="0.001"/>
  <testcase classname="testgrade" name="test1" time="0.002"/>
  <testcase classname="testgrade" name="test1" time="0.002"/>
  <testcase classname="testgrade" name="test1" time="0.001"/>
  <testcase classname="testgrade" name="test1" time="0.001"/>
  <testcase classname="testgrade" name="test1" time="0.002"/>
  <testcase classname="testgrade" name="test1" time="0.001"/>
  <testcase classname="testgrade" name="test1" time="0.002"/>
  <testcase classname="testgrade" name="test1" time="0.0"/>
  <testcase classname="testgrade" name="test1" time="0.0"/>
  <testcase classname="testgrade" name="test1" time="0.001"/>
  <testcase classname="testgrade" name="test1" time="0.001"/>
  <testcase classname="testgrade" name="test1" time="0.001"/>
  <testcase classname="testgrade" name="test1" time="0.0"/>
  <testcase classname="testgrade" name="test1" time="0.001"/>
  <testcase classname="testgrade" name="test1" time="0.001"/>
  <testcase classname="testgrade" name="test1" time="0.001"/>
  <testcase classname="testgrade" name="test1" time="0.001"/>
  <testcase classname="testgrade" name="test1" time="0.001"/>
  <testcase classname="testgrade" name="test1" time="0.0"/>
  <testcase classname="testgrade" name="test1" time="0.0"/>
</testsuite> <!-- test1 -->
