<?xml version="1.0" encoding="UTF-8"?>
<!-- Generated by org.testng.reporters.JUnitXMLReporter -->
<testsuite ignored="0" hostname="MSI" failures="0" tests="29" name="test1" time="0.155" errors="0" timestamp="2023-10-03T14:16:16 IDT">
  <testcase classname="testgrade" name="test1" time="0.022"/>
  <testcase classname="testgrade" name="test1" time="0.001"/>
  <testcase classname="testgrade" name="test1" time="0.002"/>
  <testcase classname="testgrade" name="test1" time="0.002"/>
  <testcase classname="testgrade" name="test1" time="0.001"/>
  <testcase classname="testgrade" name="test1" time="0.002"/>
  <testcase classname="testgrade" name="test1" time="0.001"/>
  <testcase classname="testgrade" name="test1" time="0.001"/>
  <testcase classname="testgrade" name="test1" time="0.0"/>
  <testcase classname="testgrade" name="test1" time="0.001"/>
  <testcase classname="testgrade" name="test1" time="0.001"/>
  <testcase classname="testgrade" name="test1" time="0.001"/>
  <testcase classname="testgrade" name="test1" time="0.001"/>
  <testcase classname="testgrade" name="test1" time="0.0"/>
  <testcase classname="testgrade" name="test1" time="0.0"/>
  <testcase classname="testgrade" name="test1" time="0.0"/>
  <testcase classname="testgrade" name="test1" time="0.001"/>
  <testcase classname="testgrade" name="test1" time="0.0"/>
  <testcase classname="testgrade" name="test1" time="0.001"/>
  <testcase classname="testgrade" name="test1" time="0.001"/>
  <testcase classname="testgrade" name="test1" time="0.001"/>
  <testcase classname="testgrade" name="test1" time="0.001"/>
  <testcase classname="testgrade" name="test1" time="0.001"/>
  <testcase classname="testgrade" name="test1" time="0.009"/>
  <testcase classname="testgrade" name="test1" time="0.001"/>
  <testcase classname="testgrade" name="test1" time="0.001"/>
  <testcase classname="testgrade" name="test1" time="0.001"/>
  <testcase classname="testgrade" name="test222" time="0.002"/>
  <testcase classname="testgrade" name="test111" time="0.001"/>
</testsuite> <!-- test1 -->
