<?xml version="1.0" encoding="UTF-8"?>
<!-- Generated by org.testng.reporters.JUnitXMLReporter -->
<testsuite ignored="0" hostname="MSI" failures="0" tests="9" name="test2" time="0.044" errors="0" timestamp="2023-10-03T14:16:17 IDT">
  <testcase classname="testCalculator" name="testvalid" time="0.011"/>
  <testcase classname="testCalculator" name="testvalid" time="0.001"/>
  <testcase classname="testCalculator" name="testvalid" time="0.001"/>
  <testcase classname="testCalculator" name="testvalid" time="0.001"/>
  <testcase classname="testCalculator" name="testvalid" time="0.001"/>
  <testcase classname="testCalculator" name="testvalid" time="0.0"/>
  <testcase classname="testCalculator" name="test222" time="0.001"/>
  <testcase classname="testCalculator" name="testinvalid" time="0.004"/>
  <testcase classname="testCalculator" name="test111" time="0.001"/>
</testsuite> <!-- test2 -->
