<?xml version="1.0" encoding="UTF-8"?>
<!-- Generated by org.testng.reporters.JUnitXMLReporter -->
<testsuite ignored="0" hostname="MSI" failures="0" tests="6" name="test2" time="0.033" errors="0" timestamp="2023-10-01T14:55:21 IDT">
  <testcase classname="testCalculator" name="test1" time="0.01"/>
  <testcase classname="testCalculator" name="test1" time="0.0"/>
  <testcase classname="testCalculator" name="test1" time="0.001"/>
  <testcase classname="testCalculator" name="test1" time="0.001"/>
  <testcase classname="testCalculator" name="test1" time="0.0"/>
  <testcase classname="testCalculator" name="test1" time="0.007"/>
</testsuite> <!-- test2 -->
