<?xml version="1.0" encoding="UTF-8"?>
<testng-results ignored="0" total="43" passed="43" failed="0" skipped="0">
  <reporter-output>
  </reporter-output>
  <suite started-at="2023-10-03T14:16:16 IDT" name="suite1" finished-at="2023-10-03T14:16:17 IDT" duration-ms="283">
    <groups>
    </groups>
    <test started-at="2023-10-03T14:16:16 IDT" name="test1" finished-at="2023-10-03T14:16:16 IDT" duration-ms="155">
      <class name="testgrade">
        <test-method signature="test1(int,java.lang.String)[pri:0, instance:testgrade@2638011]" started-at="2023-10-03T14:16:16 IDT" name="test1" data-provider="data1" finished-at="2023-10-03T14:16:16 IDT" duration-ms="22" status="PASS">
          <params>
            <param index="0">
              <value>
                <![CDATA[120]]>
              </value>
            </param>
            <param index="1">
              <value>
                <![CDATA[invalid]]>
              </value>
            </param>
          </params>
          <reporter-output>
          </reporter-output>
        </test-method> <!-- test1 -->
        <test-method signature="test1(int,java.lang.String)[pri:0, instance:testgrade@2638011]" started-at="2023-10-03T14:16:16 IDT" name="test1" data-provider="data1" finished-at="2023-10-03T14:16:16 IDT" duration-ms="1" status="PASS">
          <params>
            <param index="0">
              <value>
                <![CDATA[100]]>
              </value>
            </param>
            <param index="1">
              <value>
                <![CDATA[exellent]]>
              </value>
            </param>
          </params>
          <reporter-output>
          </reporter-output>
        </test-method> <!-- test1 -->
        <test-method signature="test1(int,java.lang.String)[pri:0, instance:testgrade@2638011]" started-at="2023-10-03T14:16:16 IDT" name="test1" data-provider="data1" finished-at="2023-10-03T14:16:16 IDT" duration-ms="2" status="PASS">
          <params>
            <param index="0">
              <value>
                <![CDATA[99]]>
              </value>
            </param>
            <param index="1">
              <value>
                <![CDATA[exellent]]>
              </value>
            </param>
          </params>
          <reporter-output>
          </reporter-output>
        </test-method> <!-- test1 -->
        <test-method signature="test1(int,java.lang.String)[pri:0, instance:testgrade@2638011]" started-at="2023-10-03T14:16:16 IDT" name="test1" data-provider="data1" finished-at="2023-10-03T14:16:16 IDT" duration-ms="2" status="PASS">
          <params>
            <param index="0">
              <value>
                <![CDATA[98]]>
              </value>
            </param>
            <param index="1">
              <value>
                <![CDATA[exellent]]>
              </value>
            </param>
          </params>
          <reporter-output>
          </reporter-output>
        </test-method> <!-- test1 -->
        <test-method signature="test1(int,java.lang.String)[pri:0, instance:testgrade@2638011]" started-at="2023-10-03T14:16:16 IDT" name="test1" data-provider="data1" finished-at="2023-10-03T14:16:16 IDT" duration-ms="1" status="PASS">
          <params>
            <param index="0">
              <value>
                <![CDATA[91]]>
              </value>
            </param>
            <param index="1">
              <value>
                <![CDATA[exellent]]>
              </value>
            </param>
          </params>
          <reporter-output>
          </reporter-output>
        </test-method> <!-- test1 -->
        <test-method signature="test1(int,java.lang.String)[pri:0, instance:testgrade@2638011]" started-at="2023-10-03T14:16:16 IDT" name="test1" data-provider="data1" finished-at="2023-10-03T14:16:16 IDT" duration-ms="2" status="PASS">
          <params>
            <param index="0">
              <value>
                <![CDATA[90]]>
              </value>
            </param>
            <param index="1">
              <value>
                <![CDATA[exellent]]>
              </value>
            </param>
          </params>
          <reporter-output>
          </reporter-output>
        </test-method> <!-- test1 -->
        <test-method signature="test1(int,java.lang.String)[pri:0, instance:testgrade@2638011]" started-at="2023-10-03T14:16:16 IDT" name="test1" data-provider="data1" finished-at="2023-10-03T14:16:16 IDT" duration-ms="1" status="PASS">
          <params>
            <param index="0">
              <value>
                <![CDATA[89]]>
              </value>
            </param>
            <param index="1">
              <value>
                <![CDATA[very good]]>
              </value>
            </param>
          </params>
          <reporter-output>
          </reporter-output>
        </test-method> <!-- test1 -->
        <test-method signature="test1(int,java.lang.String)[pri:0, instance:testgrade@2638011]" started-at="2023-10-03T14:16:16 IDT" name="test1" data-provider="data1" finished-at="2023-10-03T14:16:16 IDT" duration-ms="1" status="PASS">
          <params>
            <param index="0">
              <value>
                <![CDATA[88]]>
              </value>
            </param>
            <param index="1">
              <value>
                <![CDATA[very good]]>
              </value>
            </param>
          </params>
          <reporter-output>
          </reporter-output>
        </test-method> <!-- test1 -->
        <test-method signature="test1(int,java.lang.String)[pri:0, instance:testgrade@2638011]" started-at="2023-10-03T14:16:16 IDT" name="test1" data-provider="data1" finished-at="2023-10-03T14:16:16 IDT" duration-ms="0" status="PASS">
          <params>
            <param index="0">
              <value>
                <![CDATA[81]]>
              </value>
            </param>
            <param index="1">
              <value>
                <![CDATA[very good]]>
              </value>
            </param>
          </params>
          <reporter-output>
          </reporter-output>
        </test-method> <!-- test1 -->
        <test-method signature="test1(int,java.lang.String)[pri:0, instance:testgrade@2638011]" started-at="2023-10-03T14:16:16 IDT" name="test1" data-provider="data1" finished-at="2023-10-03T14:16:16 IDT" duration-ms="1" status="PASS">
          <params>
            <param index="0">
              <value>
                <![CDATA[80]]>
              </value>
            </param>
            <param index="1">
              <value>
                <![CDATA[very good]]>
              </value>
            </param>
          </params>
          <reporter-output>
          </reporter-output>
        </test-method> <!-- test1 -->
        <test-method signature="test1(int,java.lang.String)[pri:0, instance:testgrade@2638011]" started-at="2023-10-03T14:16:16 IDT" name="test1" data-provider="data1" finished-at="2023-10-03T14:16:16 IDT" duration-ms="1" status="PASS">
          <params>
            <param index="0">
              <value>
                <![CDATA[79]]>
              </value>
            </param>
            <param index="1">
              <value>
                <![CDATA[good]]>
              </value>
            </param>
          </params>
          <reporter-output>
          </reporter-output>
        </test-method> <!-- test1 -->
        <test-method signature="test1(int,java.lang.String)[pri:0, instance:testgrade@2638011]" started-at="2023-10-03T14:16:16 IDT" name="test1" data-provider="data1" finished-at="2023-10-03T14:16:16 IDT" duration-ms="1" status="PASS">
          <params>
            <param index="0">
              <value>
                <![CDATA[78]]>
              </value>
            </param>
            <param index="1">
              <value>
                <![CDATA[good]]>
              </value>
            </param>
          </params>
          <reporter-output>
          </reporter-output>
        </test-method> <!-- test1 -->
        <test-method signature="test1(int,java.lang.String)[pri:0, instance:testgrade@2638011]" started-at="2023-10-03T14:16:16 IDT" name="test1" data-provider="data1" finished-at="2023-10-03T14:16:16 IDT" duration-ms="1" status="PASS">
          <params>
            <param index="0">
              <value>
                <![CDATA[71]]>
              </value>
            </param>
            <param index="1">
              <value>
                <![CDATA[good]]>
              </value>
            </param>
          </params>
          <reporter-output>
          </reporter-output>
        </test-method> <!-- test1 -->
        <test-method signature="test1(int,java.lang.String)[pri:0, instance:testgrade@2638011]" started-at="2023-10-03T14:16:16 IDT" name="test1" data-provider="data1" finished-at="2023-10-03T14:16:16 IDT" duration-ms="0" status="PASS">
          <params>
            <param index="0">
              <value>
                <![CDATA[70]]>
              </value>
            </param>
            <param index="1">
              <value>
                <![CDATA[good]]>
              </value>
            </param>
          </params>
          <reporter-output>
          </reporter-output>
        </test-method> <!-- test1 -->
        <test-method signature="test1(int,java.lang.String)[pri:0, instance:testgrade@2638011]" started-at="2023-10-03T14:16:16 IDT" name="test1" data-provider="data1" finished-at="2023-10-03T14:16:16 IDT" duration-ms="0" status="PASS">
          <params>
            <param index="0">
              <value>
                <![CDATA[69]]>
              </value>
            </param>
            <param index="1">
              <value>
                <![CDATA[accepted]]>
              </value>
            </param>
          </params>
          <reporter-output>
          </reporter-output>
        </test-method> <!-- test1 -->
        <test-method signature="test1(int,java.lang.String)[pri:0, instance:testgrade@2638011]" started-at="2023-10-03T14:16:16 IDT" name="test1" data-provider="data1" finished-at="2023-10-03T14:16:16 IDT" duration-ms="0" status="PASS">
          <params>
            <param index="0">
              <value>
                <![CDATA[68]]>
              </value>
            </param>
            <param index="1">
              <value>
                <![CDATA[accepted]]>
              </value>
            </param>
          </params>
          <reporter-output>
          </reporter-output>
        </test-method> <!-- test1 -->
        <test-method signature="test1(int,java.lang.String)[pri:0, instance:testgrade@2638011]" started-at="2023-10-03T14:16:16 IDT" name="test1" data-provider="data1" finished-at="2023-10-03T14:16:16 IDT" duration-ms="1" status="PASS">
          <params>
            <param index="0">
              <value>
                <![CDATA[61]]>
              </value>
            </param>
            <param index="1">
              <value>
                <![CDATA[accepted]]>
              </value>
            </param>
          </params>
          <reporter-output>
          </reporter-output>
        </test-method> <!-- test1 -->
        <test-method signature="test1(int,java.lang.String)[pri:0, instance:testgrade@2638011]" started-at="2023-10-03T14:16:16 IDT" name="test1" data-provider="data1" finished-at="2023-10-03T14:16:16 IDT" duration-ms="0" status="PASS">
          <params>
            <param index="0">
              <value>
                <![CDATA[60]]>
              </value>
            </param>
            <param index="1">
              <value>
                <![CDATA[accepted]]>
              </value>
            </param>
          </params>
          <reporter-output>
          </reporter-output>
        </test-method> <!-- test1 -->
        <test-method signature="test1(int,java.lang.String)[pri:0, instance:testgrade@2638011]" started-at="2023-10-03T14:16:16 IDT" name="test1" data-provider="data1" finished-at="2023-10-03T14:16:16 IDT" duration-ms="1" status="PASS">
          <params>
            <param index="0">
              <value>
                <![CDATA[59]]>
              </value>
            </param>
            <param index="1">
              <value>
                <![CDATA[failed]]>
              </value>
            </param>
          </params>
          <reporter-output>
          </reporter-output>
        </test-method> <!-- test1 -->
        <test-method signature="test1(int,java.lang.String)[pri:0, instance:testgrade@2638011]" started-at="2023-10-03T14:16:16 IDT" name="test1" data-provider="data1" finished-at="2023-10-03T14:16:16 IDT" duration-ms="1" status="PASS">
          <params>
            <param index="0">
              <value>
                <![CDATA[58]]>
              </value>
            </param>
            <param index="1">
              <value>
                <![CDATA[failed]]>
              </value>
            </param>
          </params>
          <reporter-output>
          </reporter-output>
        </test-method> <!-- test1 -->
        <test-method signature="test1(int,java.lang.String)[pri:0, instance:testgrade@2638011]" started-at="2023-10-03T14:16:16 IDT" name="test1" data-provider="data1" finished-at="2023-10-03T14:16:16 IDT" duration-ms="1" status="PASS">
          <params>
            <param index="0">
              <value>
                <![CDATA[41]]>
              </value>
            </param>
            <param index="1">
              <value>
                <![CDATA[failed]]>
              </value>
            </param>
          </params>
          <reporter-output>
          </reporter-output>
        </test-method> <!-- test1 -->
        <test-method signature="test1(int,java.lang.String)[pri:0, instance:testgrade@2638011]" started-at="2023-10-03T14:16:16 IDT" name="test1" data-provider="data1" finished-at="2023-10-03T14:16:16 IDT" duration-ms="1" status="PASS">
          <params>
            <param index="0">
              <value>
                <![CDATA[40]]>
              </value>
            </param>
            <param index="1">
              <value>
                <![CDATA[failed]]>
              </value>
            </param>
          </params>
          <reporter-output>
          </reporter-output>
        </test-method> <!-- test1 -->
        <test-method signature="test1(int,java.lang.String)[pri:0, instance:testgrade@2638011]" started-at="2023-10-03T14:16:16 IDT" name="test1" data-provider="data1" finished-at="2023-10-03T14:16:16 IDT" duration-ms="1" status="PASS">
          <params>
            <param index="0">
              <value>
                <![CDATA[39]]>
              </value>
            </param>
            <param index="1">
              <value>
                <![CDATA[failed]]>
              </value>
            </param>
          </params>
          <reporter-output>
          </reporter-output>
        </test-method> <!-- test1 -->
        <test-method signature="test1(int,java.lang.String)[pri:0, instance:testgrade@2638011]" started-at="2023-10-03T14:16:16 IDT" name="test1" data-provider="data1" finished-at="2023-10-03T14:16:16 IDT" duration-ms="9" status="PASS">
          <params>
            <param index="0">
              <value>
                <![CDATA[38]]>
              </value>
            </param>
            <param index="1">
              <value>
                <![CDATA[good]]>
              </value>
            </param>
          </params>
          <reporter-output>
          </reporter-output>
        </test-method> <!-- test1 -->
        <test-method signature="test1(int,java.lang.String)[pri:0, instance:testgrade@2638011]" started-at="2023-10-03T14:16:16 IDT" name="test1" data-provider="data1" finished-at="2023-10-03T14:16:16 IDT" duration-ms="1" status="PASS">
          <params>
            <param index="0">
              <value>
                <![CDATA[1]]>
              </value>
            </param>
            <param index="1">
              <value>
                <![CDATA[good]]>
              </value>
            </param>
          </params>
          <reporter-output>
          </reporter-output>
        </test-method> <!-- test1 -->
        <test-method signature="test1(int,java.lang.String)[pri:0, instance:testgrade@2638011]" started-at="2023-10-03T14:16:16 IDT" name="test1" data-provider="data1" finished-at="2023-10-03T14:16:16 IDT" duration-ms="1" status="PASS">
          <params>
            <param index="0">
              <value>
                <![CDATA[0]]>
              </value>
            </param>
            <param index="1">
              <value>
                <![CDATA[invalid]]>
              </value>
            </param>
          </params>
          <reporter-output>
          </reporter-output>
        </test-method> <!-- test1 -->
        <test-method signature="test1(int,java.lang.String)[pri:0, instance:testgrade@2638011]" started-at="2023-10-03T14:16:16 IDT" name="test1" data-provider="data1" finished-at="2023-10-03T14:16:16 IDT" duration-ms="1" status="PASS">
          <params>
            <param index="0">
              <value>
                <![CDATA[-1]]>
              </value>
            </param>
            <param index="1">
              <value>
                <![CDATA[invalid , please enter positve number]]>
              </value>
            </param>
          </params>
          <reporter-output>
          </reporter-output>
        </test-method> <!-- test1 -->
        <test-method signature="test222()[pri:1, instance:testgrade@2638011]" started-at="2023-10-03T14:16:16 IDT" name="test222" finished-at="2023-10-03T14:16:16 IDT" duration-ms="2" status="PASS">
          <reporter-output>
          </reporter-output>
        </test-method> <!-- test222 -->
        <test-method signature="test111()[pri:2, instance:testgrade@2638011]" started-at="2023-10-03T14:16:16 IDT" name="test111" finished-at="2023-10-03T14:16:16 IDT" duration-ms="1" status="PASS">
          <reporter-output>
          </reporter-output>
        </test-method> <!-- test111 -->
      </class> <!-- testgrade -->
    </test> <!-- test1 -->
    <test started-at="2023-10-03T14:16:17 IDT" name="test2" finished-at="2023-10-03T14:16:17 IDT" duration-ms="44">
      <class name="testCalculator">
        <test-method signature="testvalid(double,double,double,java.lang.String)[pri:0, instance:testCalculator@13b13b5d]" started-at="2023-10-03T14:16:17 IDT" name="testvalid" data-provider="data1" finished-at="2023-10-03T14:16:17 IDT" duration-ms="11" status="PASS">
          <params>
            <param index="0">
              <value>
                <![CDATA[10.0]]>
              </value>
            </param>
            <param index="1">
              <value>
                <![CDATA[2.0]]>
              </value>
            </param>
            <param index="2">
              <value>
                <![CDATA[5.0]]>
              </value>
            </param>
            <param index="3">
              <value>
                <![CDATA[positive ,positive]]>
              </value>
            </param>
          </params>
          <reporter-output>
          </reporter-output>
        </test-method> <!-- testvalid -->
        <test-method signature="testvalid(double,double,double,java.lang.String)[pri:0, instance:testCalculator@13b13b5d]" started-at="2023-10-03T14:16:17 IDT" name="testvalid" data-provider="data1" finished-at="2023-10-03T14:16:17 IDT" duration-ms="1" status="PASS">
          <params>
            <param index="0">
              <value>
                <![CDATA[10.0]]>
              </value>
            </param>
            <param index="1">
              <value>
                <![CDATA[-2.0]]>
              </value>
            </param>
            <param index="2">
              <value>
                <![CDATA[-5.0]]>
              </value>
            </param>
            <param index="3">
              <value>
                <![CDATA[positive ,negative]]>
              </value>
            </param>
          </params>
          <reporter-output>
          </reporter-output>
        </test-method> <!-- testvalid -->
        <test-method signature="testvalid(double,double,double,java.lang.String)[pri:0, instance:testCalculator@13b13b5d]" started-at="2023-10-03T14:16:17 IDT" name="testvalid" data-provider="data1" finished-at="2023-10-03T14:16:17 IDT" duration-ms="1" status="PASS">
          <params>
            <param index="0">
              <value>
                <![CDATA[-10.0]]>
              </value>
            </param>
            <param index="1">
              <value>
                <![CDATA[2.0]]>
              </value>
            </param>
            <param index="2">
              <value>
                <![CDATA[-5.0]]>
              </value>
            </param>
            <param index="3">
              <value>
                <![CDATA[negative ,positive ]]>
              </value>
            </param>
          </params>
          <reporter-output>
          </reporter-output>
        </test-method> <!-- testvalid -->
        <test-method signature="testvalid(double,double,double,java.lang.String)[pri:0, instance:testCalculator@13b13b5d]" started-at="2023-10-03T14:16:17 IDT" name="testvalid" data-provider="data1" finished-at="2023-10-03T14:16:17 IDT" duration-ms="1" status="PASS">
          <params>
            <param index="0">
              <value>
                <![CDATA[-10.0]]>
              </value>
            </param>
            <param index="1">
              <value>
                <![CDATA[-2.0]]>
              </value>
            </param>
            <param index="2">
              <value>
                <![CDATA[5.0]]>
              </value>
            </param>
            <param index="3">
              <value>
                <![CDATA[negative ,negative ]]>
              </value>
            </param>
          </params>
          <reporter-output>
          </reporter-output>
        </test-method> <!-- testvalid -->
        <test-method signature="testvalid(double,double,double,java.lang.String)[pri:0, instance:testCalculator@13b13b5d]" started-at="2023-10-03T14:16:17 IDT" name="testvalid" data-provider="data1" finished-at="2023-10-03T14:16:17 IDT" duration-ms="1" status="PASS">
          <params>
            <param index="0">
              <value>
                <![CDATA[0]]>
              </value>
            </param>
            <param index="1">
              <value>
                <![CDATA[2.0]]>
              </value>
            </param>
            <param index="2">
              <value>
                <![CDATA[0]]>
              </value>
            </param>
            <param index="3">
              <value>
                <![CDATA[zero ,positive ]]>
              </value>
            </param>
          </params>
          <reporter-output>
          </reporter-output>
        </test-method> <!-- testvalid -->
        <test-method signature="testvalid(double,double,double,java.lang.String)[pri:0, instance:testCalculator@13b13b5d]" started-at="2023-10-03T14:16:17 IDT" name="testvalid" data-provider="data1" finished-at="2023-10-03T14:16:17 IDT" duration-ms="0" status="PASS">
          <params>
            <param index="0">
              <value>
                <![CDATA[0]]>
              </value>
            </param>
            <param index="1">
              <value>
                <![CDATA[-2.0]]>
              </value>
            </param>
            <param index="2">
              <value>
                <![CDATA[0]]>
              </value>
            </param>
            <param index="3">
              <value>
                <![CDATA[zero ,negative ]]>
              </value>
            </param>
          </params>
          <reporter-output>
          </reporter-output>
        </test-method> <!-- testvalid -->
        <test-method signature="test222()[pri:1, instance:testCalculator@13b13b5d]" started-at="2023-10-03T14:16:17 IDT" name="test222" finished-at="2023-10-03T14:16:17 IDT" duration-ms="1" status="PASS">
          <reporter-output>
          </reporter-output>
        </test-method> <!-- test222 -->
        <test-method signature="testinvalid(double,double)[pri:1, instance:testCalculator@13b13b5d]" started-at="2023-10-03T14:16:17 IDT" name="testinvalid" data-provider="data2" finished-at="2023-10-03T14:16:17 IDT" duration-ms="4" status="PASS">
          <params>
            <param index="0">
              <value>
                <![CDATA[10]]>
              </value>
            </param>
            <param index="1">
              <value>
                <![CDATA[0]]>
              </value>
            </param>
          </params>
          <exception class="java.lang.ArithmeticException">
            <full-stacktrace>
              <![CDATA[java.lang.ArithmeticException
at Calculator.division(Calculator.java:16)
at testCalculator.testinvalid(testCalculator.java:44)
at java.base/jdk.internal.reflect.DirectMethodHandleAccessor.invoke(DirectMethodHandleAccessor.java:104)
at java.base/java.lang.reflect.Method.invoke(Method.java:578)
at org.testng.internal.invokers.MethodInvocationHelper.invokeMethod(MethodInvocationHelper.java:139)
at org.testng.internal.invokers.TestInvoker.invokeMethod(TestInvoker.java:677)
at org.testng.internal.invokers.TestInvoker.invokeTestMethod(TestInvoker.java:221)
at org.testng.internal.invokers.MethodRunner.runInSequence(MethodRunner.java:50)
at org.testng.internal.invokers.TestInvoker$MethodInvocationAgent.invoke(TestInvoker.java:969)
at org.testng.internal.invokers.TestInvoker.invokeTestMethods(TestInvoker.java:194)
at org.testng.internal.invokers.TestMethodWorker.invokeTestMethods(TestMethodWorker.java:148)
at org.testng.internal.invokers.TestMethodWorker.run(TestMethodWorker.java:128)
at java.base/java.util.ArrayList.forEach(ArrayList.java:1511)
at org.testng.TestRunner.privateRun(TestRunner.java:829)
at org.testng.TestRunner.run(TestRunner.java:602)
at org.testng.SuiteRunner.runTest(SuiteRunner.java:437)
at org.testng.SuiteRunner.runSequentially(SuiteRunner.java:431)
at org.testng.SuiteRunner.privateRun(SuiteRunner.java:391)
at org.testng.SuiteRunner.run(SuiteRunner.java:330)
at org.testng.SuiteRunnerWorker.runSuite(SuiteRunnerWorker.java:52)
at org.testng.SuiteRunnerWorker.run(SuiteRunnerWorker.java:95)
at org.testng.TestNG.runSuitesSequentially(TestNG.java:1256)
at org.testng.TestNG.runSuitesLocally(TestNG.java:1176)
at org.testng.TestNG.runSuites(TestNG.java:1099)
at org.testng.TestNG.run(TestNG.java:1067)
at org.testng.remote.AbstractRemoteTestNG.run(AbstractRemoteTestNG.java:115)
at org.testng.remote.RemoteTestNG.initAndRun(RemoteTestNG.java:251)
at org.testng.remote.RemoteTestNG.main(RemoteTestNG.java:77)
]]>
            </full-stacktrace>
          </exception> <!-- java.lang.ArithmeticException -->
          <reporter-output>
          </reporter-output>
        </test-method> <!-- testinvalid -->
        <test-method signature="test111()[pri:2, instance:testCalculator@13b13b5d]" started-at="2023-10-03T14:16:17 IDT" name="test111" finished-at="2023-10-03T14:16:17 IDT" duration-ms="1" status="PASS">
          <reporter-output>
          </reporter-output>
        </test-method> <!-- test111 -->
      </class> <!-- testCalculator -->
    </test> <!-- test2 -->
    <test started-at="2023-10-03T14:16:17 IDT" name="test3" finished-at="2023-10-03T14:16:17 IDT" duration-ms="20">
      <class name="testAnn">
        <test-method signature="test333()[pri:0, instance:testAnn@55b53d44]" started-at="2023-10-03T14:16:17 IDT" name="test333" finished-at="2023-10-03T14:16:17 IDT" duration-ms="1" status="PASS">
          <reporter-output>
          </reporter-output>
        </test-method> <!-- test333 -->
        <test-method signature="testt444()[pri:0, instance:testAnn@55b53d44]" started-at="2023-10-03T14:16:17 IDT" name="testt444" finished-at="2023-10-03T14:16:17 IDT" duration-ms="1" status="PASS">
          <reporter-output>
          </reporter-output>
        </test-method> <!-- testt444 -->
        <test-method signature="testt555()[pri:0, instance:testAnn@55b53d44]" started-at="2023-10-03T14:16:17 IDT" name="testt555" finished-at="2023-10-03T14:16:17 IDT" duration-ms="1" status="PASS">
          <reporter-output>
          </reporter-output>
        </test-method> <!-- testt555 -->
        <test-method signature="test222()[pri:1, instance:testAnn@55b53d44]" started-at="2023-10-03T14:16:17 IDT" name="test222" finished-at="2023-10-03T14:16:17 IDT" duration-ms="1" status="PASS">
          <reporter-output>
          </reporter-output>
        </test-method> <!-- test222 -->
        <test-method signature="test111()[pri:2, instance:testAnn@55b53d44]" started-at="2023-10-03T14:16:17 IDT" name="test111" finished-at="2023-10-03T14:16:17 IDT" duration-ms="1" status="PASS">
          <reporter-output>
          </reporter-output>
        </test-method> <!-- test111 -->
      </class> <!-- testAnn -->
    </test> <!-- test3 -->
  </suite> <!-- suite1 -->
</testng-results>
