<?xml version="1.0" encoding="UTF-8"?>
<testng-results ignored="0" total="33" passed="33" failed="0" skipped="0">
  <reporter-output>
  </reporter-output>
  <suite started-at="2023-10-01T14:55:21 IDT" name="suite1" finished-at="2023-10-01T14:55:21 IDT" duration-ms="232">
    <groups>
    </groups>
    <test started-at="2023-10-01T14:55:21 IDT" name="test1" finished-at="2023-10-01T14:55:21 IDT" duration-ms="114">
      <class name="testgrade">
        <test-method signature="test1(int,java.lang.String)[pri:0, instance:testgrade@6069db50]" started-at="2023-10-01T14:55:21 IDT" name="test1" data-provider="data1" finished-at="2023-10-01T14:55:21 IDT" duration-ms="16" status="PASS">
          <params>
            <param index="0">
              <value>
                <![CDATA[120]]>
              </value>
            </param>
            <param index="1">
              <value>
                <![CDATA[invalid]]>
              </value>
            </param>
          </params>
          <reporter-output>
          </reporter-output>
        </test-method> <!-- test1 -->
        <test-method signature="test1(int,java.lang.String)[pri:0, instance:testgrade@6069db50]" started-at="2023-10-01T14:55:21 IDT" name="test1" data-provider="data1" finished-at="2023-10-01T14:55:21 IDT" duration-ms="1" status="PASS">
          <params>
            <param index="0">
              <value>
                <![CDATA[100]]>
              </value>
            </param>
            <param index="1">
              <value>
                <![CDATA[exellent]]>
              </value>
            </param>
          </params>
          <reporter-output>
          </reporter-output>
        </test-method> <!-- test1 -->
        <test-method signature="test1(int,java.lang.String)[pri:0, instance:testgrade@6069db50]" started-at="2023-10-01T14:55:21 IDT" name="test1" data-provider="data1" finished-at="2023-10-01T14:55:21 IDT" duration-ms="2" status="PASS">
          <params>
            <param index="0">
              <value>
                <![CDATA[99]]>
              </value>
            </param>
            <param index="1">
              <value>
                <![CDATA[exellent]]>
              </value>
            </param>
          </params>
          <reporter-output>
          </reporter-output>
        </test-method> <!-- test1 -->
        <test-method signature="test1(int,java.lang.String)[pri:0, instance:testgrade@6069db50]" started-at="2023-10-01T14:55:21 IDT" name="test1" data-provider="data1" finished-at="2023-10-01T14:55:21 IDT" duration-ms="3" status="PASS">
          <params>
            <param index="0">
              <value>
                <![CDATA[98]]>
              </value>
            </param>
            <param index="1">
              <value>
                <![CDATA[exellent]]>
              </value>
            </param>
          </params>
          <reporter-output>
          </reporter-output>
        </test-method> <!-- test1 -->
        <test-method signature="test1(int,java.lang.String)[pri:0, instance:testgrade@6069db50]" started-at="2023-10-01T14:55:21 IDT" name="test1" data-provider="data1" finished-at="2023-10-01T14:55:21 IDT" duration-ms="1" status="PASS">
          <params>
            <param index="0">
              <value>
                <![CDATA[91]]>
              </value>
            </param>
            <param index="1">
              <value>
                <![CDATA[exellent]]>
              </value>
            </param>
          </params>
          <reporter-output>
          </reporter-output>
        </test-method> <!-- test1 -->
        <test-method signature="test1(int,java.lang.String)[pri:0, instance:testgrade@6069db50]" started-at="2023-10-01T14:55:21 IDT" name="test1" data-provider="data1" finished-at="2023-10-01T14:55:21 IDT" duration-ms="2" status="PASS">
          <params>
            <param index="0">
              <value>
                <![CDATA[90]]>
              </value>
            </param>
            <param index="1">
              <value>
                <![CDATA[exellent]]>
              </value>
            </param>
          </params>
          <reporter-output>
          </reporter-output>
        </test-method> <!-- test1 -->
        <test-method signature="test1(int,java.lang.String)[pri:0, instance:testgrade@6069db50]" started-at="2023-10-01T14:55:21 IDT" name="test1" data-provider="data1" finished-at="2023-10-01T14:55:21 IDT" duration-ms="1" status="PASS">
          <params>
            <param index="0">
              <value>
                <![CDATA[89]]>
              </value>
            </param>
            <param index="1">
              <value>
                <![CDATA[very good]]>
              </value>
            </param>
          </params>
          <reporter-output>
          </reporter-output>
        </test-method> <!-- test1 -->
        <test-method signature="test1(int,java.lang.String)[pri:0, instance:testgrade@6069db50]" started-at="2023-10-01T14:55:21 IDT" name="test1" data-provider="data1" finished-at="2023-10-01T14:55:21 IDT" duration-ms="2" status="PASS">
          <params>
            <param index="0">
              <value>
                <![CDATA[88]]>
              </value>
            </param>
            <param index="1">
              <value>
                <![CDATA[very good]]>
              </value>
            </param>
          </params>
          <reporter-output>
          </reporter-output>
        </test-method> <!-- test1 -->
        <test-method signature="test1(int,java.lang.String)[pri:0, instance:testgrade@6069db50]" started-at="2023-10-01T14:55:21 IDT" name="test1" data-provider="data1" finished-at="2023-10-01T14:55:21 IDT" duration-ms="2" status="PASS">
          <params>
            <param index="0">
              <value>
                <![CDATA[81]]>
              </value>
            </param>
            <param index="1">
              <value>
                <![CDATA[very good]]>
              </value>
            </param>
          </params>
          <reporter-output>
          </reporter-output>
        </test-method> <!-- test1 -->
        <test-method signature="test1(int,java.lang.String)[pri:0, instance:testgrade@6069db50]" started-at="2023-10-01T14:55:21 IDT" name="test1" data-provider="data1" finished-at="2023-10-01T14:55:21 IDT" duration-ms="1" status="PASS">
          <params>
            <param index="0">
              <value>
                <![CDATA[80]]>
              </value>
            </param>
            <param index="1">
              <value>
                <![CDATA[very good]]>
              </value>
            </param>
          </params>
          <reporter-output>
          </reporter-output>
        </test-method> <!-- test1 -->
        <test-method signature="test1(int,java.lang.String)[pri:0, instance:testgrade@6069db50]" started-at="2023-10-01T14:55:21 IDT" name="test1" data-provider="data1" finished-at="2023-10-01T14:55:21 IDT" duration-ms="1" status="PASS">
          <params>
            <param index="0">
              <value>
                <![CDATA[79]]>
              </value>
            </param>
            <param index="1">
              <value>
                <![CDATA[good]]>
              </value>
            </param>
          </params>
          <reporter-output>
          </reporter-output>
        </test-method> <!-- test1 -->
        <test-method signature="test1(int,java.lang.String)[pri:0, instance:testgrade@6069db50]" started-at="2023-10-01T14:55:21 IDT" name="test1" data-provider="data1" finished-at="2023-10-01T14:55:21 IDT" duration-ms="2" status="PASS">
          <params>
            <param index="0">
              <value>
                <![CDATA[78]]>
              </value>
            </param>
            <param index="1">
              <value>
                <![CDATA[good]]>
              </value>
            </param>
          </params>
          <reporter-output>
          </reporter-output>
        </test-method> <!-- test1 -->
        <test-method signature="test1(int,java.lang.String)[pri:0, instance:testgrade@6069db50]" started-at="2023-10-01T14:55:21 IDT" name="test1" data-provider="data1" finished-at="2023-10-01T14:55:21 IDT" duration-ms="1" status="PASS">
          <params>
            <param index="0">
              <value>
                <![CDATA[71]]>
              </value>
            </param>
            <param index="1">
              <value>
                <![CDATA[good]]>
              </value>
            </param>
          </params>
          <reporter-output>
          </reporter-output>
        </test-method> <!-- test1 -->
        <test-method signature="test1(int,java.lang.String)[pri:0, instance:testgrade@6069db50]" started-at="2023-10-01T14:55:21 IDT" name="test1" data-provider="data1" finished-at="2023-10-01T14:55:21 IDT" duration-ms="2" status="PASS">
          <params>
            <param index="0">
              <value>
                <![CDATA[70]]>
              </value>
            </param>
            <param index="1">
              <value>
                <![CDATA[good]]>
              </value>
            </param>
          </params>
          <reporter-output>
          </reporter-output>
        </test-method> <!-- test1 -->
        <test-method signature="test1(int,java.lang.String)[pri:0, instance:testgrade@6069db50]" started-at="2023-10-01T14:55:21 IDT" name="test1" data-provider="data1" finished-at="2023-10-01T14:55:21 IDT" duration-ms="0" status="PASS">
          <params>
            <param index="0">
              <value>
                <![CDATA[69]]>
              </value>
            </param>
            <param index="1">
              <value>
                <![CDATA[accepted]]>
              </value>
            </param>
          </params>
          <reporter-output>
          </reporter-output>
        </test-method> <!-- test1 -->
        <test-method signature="test1(int,java.lang.String)[pri:0, instance:testgrade@6069db50]" started-at="2023-10-01T14:55:21 IDT" name="test1" data-provider="data1" finished-at="2023-10-01T14:55:21 IDT" duration-ms="0" status="PASS">
          <params>
            <param index="0">
              <value>
                <![CDATA[68]]>
              </value>
            </param>
            <param index="1">
              <value>
                <![CDATA[accepted]]>
              </value>
            </param>
          </params>
          <reporter-output>
          </reporter-output>
        </test-method> <!-- test1 -->
        <test-method signature="test1(int,java.lang.String)[pri:0, instance:testgrade@6069db50]" started-at="2023-10-01T14:55:21 IDT" name="test1" data-provider="data1" finished-at="2023-10-01T14:55:21 IDT" duration-ms="1" status="PASS">
          <params>
            <param index="0">
              <value>
                <![CDATA[61]]>
              </value>
            </param>
            <param index="1">
              <value>
                <![CDATA[accepted]]>
              </value>
            </param>
          </params>
          <reporter-output>
          </reporter-output>
        </test-method> <!-- test1 -->
        <test-method signature="test1(int,java.lang.String)[pri:0, instance:testgrade@6069db50]" started-at="2023-10-01T14:55:21 IDT" name="test1" data-provider="data1" finished-at="2023-10-01T14:55:21 IDT" duration-ms="1" status="PASS">
          <params>
            <param index="0">
              <value>
                <![CDATA[60]]>
              </value>
            </param>
            <param index="1">
              <value>
                <![CDATA[accepted]]>
              </value>
            </param>
          </params>
          <reporter-output>
          </reporter-output>
        </test-method> <!-- test1 -->
        <test-method signature="test1(int,java.lang.String)[pri:0, instance:testgrade@6069db50]" started-at="2023-10-01T14:55:21 IDT" name="test1" data-provider="data1" finished-at="2023-10-01T14:55:21 IDT" duration-ms="1" status="PASS">
          <params>
            <param index="0">
              <value>
                <![CDATA[59]]>
              </value>
            </param>
            <param index="1">
              <value>
                <![CDATA[failed]]>
              </value>
            </param>
          </params>
          <reporter-output>
          </reporter-output>
        </test-method> <!-- test1 -->
        <test-method signature="test1(int,java.lang.String)[pri:0, instance:testgrade@6069db50]" started-at="2023-10-01T14:55:21 IDT" name="test1" data-provider="data1" finished-at="2023-10-01T14:55:21 IDT" duration-ms="0" status="PASS">
          <params>
            <param index="0">
              <value>
                <![CDATA[58]]>
              </value>
            </param>
            <param index="1">
              <value>
                <![CDATA[failed]]>
              </value>
            </param>
          </params>
          <reporter-output>
          </reporter-output>
        </test-method> <!-- test1 -->
        <test-method signature="test1(int,java.lang.String)[pri:0, instance:testgrade@6069db50]" started-at="2023-10-01T14:55:21 IDT" name="test1" data-provider="data1" finished-at="2023-10-01T14:55:21 IDT" duration-ms="1" status="PASS">
          <params>
            <param index="0">
              <value>
                <![CDATA[41]]>
              </value>
            </param>
            <param index="1">
              <value>
                <![CDATA[failed]]>
              </value>
            </param>
          </params>
          <reporter-output>
          </reporter-output>
        </test-method> <!-- test1 -->
        <test-method signature="test1(int,java.lang.String)[pri:0, instance:testgrade@6069db50]" started-at="2023-10-01T14:55:21 IDT" name="test1" data-provider="data1" finished-at="2023-10-01T14:55:21 IDT" duration-ms="1" status="PASS">
          <params>
            <param index="0">
              <value>
                <![CDATA[40]]>
              </value>
            </param>
            <param index="1">
              <value>
                <![CDATA[failed]]>
              </value>
            </param>
          </params>
          <reporter-output>
          </reporter-output>
        </test-method> <!-- test1 -->
        <test-method signature="test1(int,java.lang.String)[pri:0, instance:testgrade@6069db50]" started-at="2023-10-01T14:55:21 IDT" name="test1" data-provider="data1" finished-at="2023-10-01T14:55:21 IDT" duration-ms="1" status="PASS">
          <params>
            <param index="0">
              <value>
                <![CDATA[39]]>
              </value>
            </param>
            <param index="1">
              <value>
                <![CDATA[failed]]>
              </value>
            </param>
          </params>
          <reporter-output>
          </reporter-output>
        </test-method> <!-- test1 -->
        <test-method signature="test1(int,java.lang.String)[pri:0, instance:testgrade@6069db50]" started-at="2023-10-01T14:55:21 IDT" name="test1" data-provider="data1" finished-at="2023-10-01T14:55:21 IDT" duration-ms="1" status="PASS">
          <params>
            <param index="0">
              <value>
                <![CDATA[38]]>
              </value>
            </param>
            <param index="1">
              <value>
                <![CDATA[failed]]>
              </value>
            </param>
          </params>
          <reporter-output>
          </reporter-output>
        </test-method> <!-- test1 -->
        <test-method signature="test1(int,java.lang.String)[pri:0, instance:testgrade@6069db50]" started-at="2023-10-01T14:55:21 IDT" name="test1" data-provider="data1" finished-at="2023-10-01T14:55:21 IDT" duration-ms="1" status="PASS">
          <params>
            <param index="0">
              <value>
                <![CDATA[1]]>
              </value>
            </param>
            <param index="1">
              <value>
                <![CDATA[failed]]>
              </value>
            </param>
          </params>
          <reporter-output>
          </reporter-output>
        </test-method> <!-- test1 -->
        <test-method signature="test1(int,java.lang.String)[pri:0, instance:testgrade@6069db50]" started-at="2023-10-01T14:55:21 IDT" name="test1" data-provider="data1" finished-at="2023-10-01T14:55:21 IDT" duration-ms="0" status="PASS">
          <params>
            <param index="0">
              <value>
                <![CDATA[0]]>
              </value>
            </param>
            <param index="1">
              <value>
                <![CDATA[invalid]]>
              </value>
            </param>
          </params>
          <reporter-output>
          </reporter-output>
        </test-method> <!-- test1 -->
        <test-method signature="test1(int,java.lang.String)[pri:0, instance:testgrade@6069db50]" started-at="2023-10-01T14:55:21 IDT" name="test1" data-provider="data1" finished-at="2023-10-01T14:55:21 IDT" duration-ms="0" status="PASS">
          <params>
            <param index="0">
              <value>
                <![CDATA[-1]]>
              </value>
            </param>
            <param index="1">
              <value>
                <![CDATA[invalid , please enter positve number]]>
              </value>
            </param>
          </params>
          <reporter-output>
          </reporter-output>
        </test-method> <!-- test1 -->
      </class> <!-- testgrade -->
    </test> <!-- test1 -->
    <test started-at="2023-10-01T14:55:21 IDT" name="test2" finished-at="2023-10-01T14:55:21 IDT" duration-ms="33">
      <class name="testCalculator">
        <test-method signature="test1(double,double,double,java.lang.String)[pri:0, instance:testCalculator@5b7a5baa]" started-at="2023-10-01T14:55:21 IDT" name="test1" data-provider="data1" finished-at="2023-10-01T14:55:21 IDT" duration-ms="10" status="PASS">
          <params>
            <param index="0">
              <value>
                <![CDATA[10.0]]>
              </value>
            </param>
            <param index="1">
              <value>
                <![CDATA[2.0]]>
              </value>
            </param>
            <param index="2">
              <value>
                <![CDATA[5.0]]>
              </value>
            </param>
            <param index="3">
              <value>
                <![CDATA[positive ,positive]]>
              </value>
            </param>
          </params>
          <reporter-output>
          </reporter-output>
        </test-method> <!-- test1 -->
        <test-method signature="test1(double,double,double,java.lang.String)[pri:0, instance:testCalculator@5b7a5baa]" started-at="2023-10-01T14:55:21 IDT" name="test1" data-provider="data1" finished-at="2023-10-01T14:55:21 IDT" duration-ms="0" status="PASS">
          <params>
            <param index="0">
              <value>
                <![CDATA[10.0]]>
              </value>
            </param>
            <param index="1">
              <value>
                <![CDATA[-2.0]]>
              </value>
            </param>
            <param index="2">
              <value>
                <![CDATA[-5.0]]>
              </value>
            </param>
            <param index="3">
              <value>
                <![CDATA[positive ,negative]]>
              </value>
            </param>
          </params>
          <reporter-output>
          </reporter-output>
        </test-method> <!-- test1 -->
        <test-method signature="test1(double,double,double,java.lang.String)[pri:0, instance:testCalculator@5b7a5baa]" started-at="2023-10-01T14:55:21 IDT" name="test1" data-provider="data1" finished-at="2023-10-01T14:55:21 IDT" duration-ms="1" status="PASS">
          <params>
            <param index="0">
              <value>
                <![CDATA[-10.0]]>
              </value>
            </param>
            <param index="1">
              <value>
                <![CDATA[2.0]]>
              </value>
            </param>
            <param index="2">
              <value>
                <![CDATA[-5.0]]>
              </value>
            </param>
            <param index="3">
              <value>
                <![CDATA[negative ,positive ]]>
              </value>
            </param>
          </params>
          <reporter-output>
          </reporter-output>
        </test-method> <!-- test1 -->
        <test-method signature="test1(double,double,double,java.lang.String)[pri:0, instance:testCalculator@5b7a5baa]" started-at="2023-10-01T14:55:21 IDT" name="test1" data-provider="data1" finished-at="2023-10-01T14:55:21 IDT" duration-ms="1" status="PASS">
          <params>
            <param index="0">
              <value>
                <![CDATA[-10.0]]>
              </value>
            </param>
            <param index="1">
              <value>
                <![CDATA[-2.0]]>
              </value>
            </param>
            <param index="2">
              <value>
                <![CDATA[5.0]]>
              </value>
            </param>
            <param index="3">
              <value>
                <![CDATA[negative ,negative ]]>
              </value>
            </param>
          </params>
          <reporter-output>
          </reporter-output>
        </test-method> <!-- test1 -->
        <test-method signature="test1(double,double,double,java.lang.String)[pri:0, instance:testCalculator@5b7a5baa]" started-at="2023-10-01T14:55:21 IDT" name="test1" data-provider="data1" finished-at="2023-10-01T14:55:21 IDT" duration-ms="0" status="PASS">
          <params>
            <param index="0">
              <value>
                <![CDATA[0]]>
              </value>
            </param>
            <param index="1">
              <value>
                <![CDATA[2.0]]>
              </value>
            </param>
            <param index="2">
              <value>
                <![CDATA[0]]>
              </value>
            </param>
            <param index="3">
              <value>
                <![CDATA[zero ,positive ]]>
              </value>
            </param>
          </params>
          <reporter-output>
          </reporter-output>
        </test-method> <!-- test1 -->
        <test-method signature="test1(double,double,double,java.lang.String)[pri:0, instance:testCalculator@5b7a5baa]" started-at="2023-10-01T14:55:21 IDT" name="test1" data-provider="data1" finished-at="2023-10-01T14:55:21 IDT" duration-ms="7" status="PASS">
          <params>
            <param index="0">
              <value>
                <![CDATA[0]]>
              </value>
            </param>
            <param index="1">
              <value>
                <![CDATA[-2.0]]>
              </value>
            </param>
            <param index="2">
              <value>
                <![CDATA[0]]>
              </value>
            </param>
            <param index="3">
              <value>
                <![CDATA[zero ,negative ]]>
              </value>
            </param>
          </params>
          <reporter-output>
          </reporter-output>
        </test-method> <!-- test1 -->
      </class> <!-- testCalculator -->
    </test> <!-- test2 -->
  </suite> <!-- suite1 -->
</testng-results>
